<?xml version="1.0" encoding="UTF-8"?>
<!-- Generated by org.testng.reporters.JUnitXMLReporter -->
<testsuite ignored="0" hostname="DESKTOP-EVOAUGI" failures="0" tests="3" name="GRP-regression" time="0.072" errors="0" timestamp="2022-11-04T06:19:39 EDT">
  <testcase classname="ui.BeforeAfterGroupClass" name="connectDB1" time="0.008"/>
  <testcase classname="ui.BeforeAfterGroupClass" name="loginapplication" time="0.001"/>
  <testcase classname="ui.BeforeAfterGroupClass" name="logoutapplication" time="0.002"/>
</testsuite> <!-- GRP-regression -->
