<?xml version="1.0" encoding="UTF-8"?>
<!-- Generated by org.testng.reporters.JUnitXMLReporter -->
<testsuite ignored="4" hostname="DESKTOP-EVOAUGI" failures="0" tests="6" name="GRP-Regression Test" time="0.086" errors="0" timestamp="2022-11-04T06:04:06 EDT">
  <testcase classname="ui.BeforeAfterGroupClass" name="connectDB1" time="0.008"/>
  <testcase classname="ui.BeforeAfterGroupClass" name="loginapplication" time="0.003"/>
  <testcase classname="ui.BeforeAfterGroupClass" name="logoutapplication" time="0.002"/>
  <testcase classname="ui.GroupsDemoTest4" name="connectDB" time="0.001"/>
  <testcase classname="ui.GroupsDemoTest4" name="loginapplication" time="0.001"/>
  <testcase classname="ui.GroupsDemoTest4" name="logoutapplication" time="0.001"/>
  <testcase classname="ui.GroupsDemoTest4" name="test1" time="0.0">
    <ignored/>
  </testcase> <!-- test1 -->
  <testcase classname="ui.GroupsDemoTest4" name="disconnectDB" time="0.0">
    <ignored/>
  </testcase> <!-- disconnectDB -->
  <testcase classname="ui.GroupsDemoTest4" name="test2" time="0.0">
    <ignored/>
  </testcase> <!-- test2 -->
  <testcase classname="ui.GroupsDemoTest4" name="standby" time="0.0">
    <ignored/>
  </testcase> <!-- standby -->
</testsuite> <!-- GRP-Regression Test -->
