<?xml version="1.0" encoding="UTF-8"?>
<!-- Generated by org.testng.reporters.JUnitXMLReporter -->
<testsuite ignored="3" hostname="DESKTOP-EVOAUGI" failures="0" tests="3" name="GRP-Bvt" time="0.086" errors="0" timestamp="2022-11-03T02:58:26 EDT">
  <testcase classname="ui.GroupsDemoTest4" name="connectDB" time="0.011"/>
  <testcase classname="ui.GroupsDemoTest4" name="disconnectDB" time="0.002"/>
  <testcase classname="ui.GroupsDemoTest4" name="test1" time="0.001"/>
  <testcase classname="ui.GroupsDemoTest4" name="logoutapplication" time="0.0">
    <ignored/>
  </testcase> <!-- logoutapplication -->
  <testcase classname="ui.GroupsDemoTest4" name="loginapplication" time="0.0">
    <ignored/>
  </testcase> <!-- loginapplication -->
  <testcase classname="ui.GroupsDemoTest4" name="test2" time="0.0">
    <ignored/>
  </testcase> <!-- test2 -->
</testsuite> <!-- GRP-Bvt -->
