<?xml version="1.0" encoding="UTF-8"?>
<!-- Generated by org.testng.reporters.JUnitXMLReporter -->
<testsuite ignored="0" hostname="DESKTOP-EVOAUGI" failures="1" tests="4" name="report Test" time="10.303" errors="0" timestamp="2022-11-08T03:00:08 EST">
  <testcase classname="ui.Testng.ScreenShotForFailedTestCases" name="test0" time="0.016"/>
  <testcase classname="ui.Testng.ScreenShotForFailedTestCases" name="test1" time="7.883">
    <failure type="java.lang.AssertionError" message="expected [true] but found [false]">
      <![CDATA[java.lang.AssertionError: expected [true] but found [false]
at ui.Testng.ScreenShotForFailedTestCases.test1(ScreenShotForFailedTestCases.java:29)
at java.base/java.util.ArrayList.forEach(ArrayList.java:1511)
... Removed 31 stack frames]]>
    </failure>
  </testcase> <!-- test1 -->
  <testcase classname="ui.Testng.ScreenShotForFailedTestCases" name="test2" time="2.021"/>
  <testcase classname="ui.Testng.ScreenShotForFailedTestCases" name="standby" time="0.011"/>
</testsuite> <!-- report Test -->
