<?xml version="1.0" encoding="UTF-8"?>
<!-- Generated by org.testng.reporters.JUnitXMLReporter -->
<testsuite ignored="0" hostname="DESKTOP-EVOAUGI" failures="1" tests="2" name="Test" time="3.767" errors="0" timestamp="2022-11-07T17:07:48 EST">
  <testcase classname="ui.Testng.reportTestResult" name="test0" time="0.009"/>
  <testcase classname="ui.Testng.reportTestResult" name="test1" time="3.702">
    <failure type="java.lang.AssertionError" message="expected [true] but found [false]">
      <![CDATA[java.lang.AssertionError: expected [true] but found [false]
at ui.Testng.reportTestResult.test1(reportTestResult.java:38)
at java.base/java.util.ArrayList.forEach(ArrayList.java:1511)
... Removed 31 stack frames]]>
    </failure>
  </testcase> <!-- test1 -->
</testsuite> <!-- Test -->
