<?xml version="1.0" encoding="UTF-8"?>
<!-- Generated by org.testng.reporters.JUnitXMLReporter -->
<testsuite ignored="6" hostname="DESKTOP-EVOAUGI" failures="0" tests="3" name="regression" time="0.042" errors="0" timestamp="2022-11-04T03:03:30 EDT">
  <testcase classname="ui.GroupsDemoTest4" name="connectDB" time="0.002"/>
  <testcase classname="ui.GroupsDemoTest4" name="loginapplication" time="0.014"/>
  <testcase classname="ui.GroupsDemoTest4" name="logoutapplication" time="0.002"/>
  <testcase classname="ui.LoginTest1" name="test1" time="0.0">
    <ignored/>
  </testcase> <!-- test1 -->
  <testcase classname="ui.LoginTest1" name="test2" time="0.0">
    <ignored/>
  </testcase> <!-- test2 -->
  <testcase classname="ui.GroupsDemoTest4" name="test1" time="0.0">
    <ignored/>
  </testcase> <!-- test1 -->
  <testcase classname="ui.GroupsDemoTest4" name="disconnectDB" time="0.0">
    <ignored/>
  </testcase> <!-- disconnectDB -->
  <testcase classname="ui.GroupsDemoTest4" name="test2" time="0.0">
    <ignored/>
  </testcase> <!-- test2 -->
  <testcase classname="ui.GroupsDemoTest4" name="standby" time="0.0">
    <ignored/>
  </testcase> <!-- standby -->
</testsuite> <!-- regression -->
