<?xml version="1.0" encoding="UTF-8"?>
<!-- Generated by org.testng.reporters.JUnitXMLReporter -->
<testsuite ignored="0" hostname="DESKTOP-EVOAUGI" failures="2" tests="3" name="Test" time="0.128" errors="0" timestamp="2022-11-06T15:17:25 EST">
  <testcase classname="ui.Testng.ScreenShotForFailedTestCases" name="test0" time="0.012"/>
  <testcase classname="ui.Testng.ScreenShotForFailedTestCases" name="test1" time="0.006">
    <failure type="java.lang.AssertionError" message="expected [true] but found [false]">
      <![CDATA[java.lang.AssertionError: expected [true] but found [false]
at ui.Testng.ScreenShotForFailedTestCases.test1(ScreenShotForFailedTestCases.java:27)
at java.base/java.util.ArrayList.forEach(ArrayList.java:1511)
... Removed 31 stack frames]]>
    </failure>
  </testcase> <!-- test1 -->
  <testcase classname="ui.Testng.ScreenShotForFailedTestCases" name="test1" time="0.055">
    <failure type="java.lang.NullPointerException" message="Cannot invoke &amp;quot;org.openqa.selenium.TakesScreenshot.getScreenshotAs(org.openqa.selenium.OutputType)&amp;quot; because &amp;quot;Utilities.ScreeshotTestng.driver&amp;quot; is null">
      <![CDATA[java.lang.NullPointerException: Cannot invoke "org.openqa.selenium.TakesScreenshot.getScreenshotAs(org.openqa.selenium.OutputType)" because "Utilities.ScreeshotTestng.driver" is null
at Utilities.ScreeshotTestng.errorscreenshot(ScreeshotTestng.java:22)
at Listener1.testnglistener.onTestFailure(testnglistener.java:23)
at java.base/java.util.ArrayList.forEach(ArrayList.java:1511)
... Removed 24 stack frames]]>
    </failure>
  </testcase> <!-- test1 -->
</testsuite> <!-- Test -->
